2013/10/28 23:36:06 にビルドを開始しました。
     1>ノード 2 上のプロジェクト "F:\個人用データ\ゲーム\弾幕段位認定\danmaku_nintei\danmaku_nintei\danmaku_nintei.vcxproj" (build ターゲット)。
     1>InitializeBuildStatus:
         "AlwaysCreate" が指定されたため "Release\danmaku_nintei.unsuccessfulbuild" を作成しています。
       ClCompile:
         c:\Program Files\Microsoft Visual Studio 10.0\VC\bin\CL.exe /c /IC:\DxLib /Zi /nologo /W3 /WX- /O2 /Oi /Oy- /GL /D WIN32 /D NDEBUG /D _WINDOWS /D _MBCS /Gm- /EHsc /MT /GS /Gy /fp:precise /Zc:wchar_t /Zc:forScope /Fo"Release\\" /Fd"Release\vc100.pdb" /Gd /TP /analyze- /errorReport:prompt load.cpp
         load.cpp
       Link:
         c:\Program Files\Microsoft Visual Studio 10.0\VC\bin\link.exe /ERRORREPORT:PROMPT /OUT:"F:\個人用データ\ゲーム\弾幕段位認定\danmaku_nintei\Release\danmaku_nintei.exe" /INCREMENTAL:NO /NOLOGO /LIBPATH:C:\DxLib kernel32.lib user32.lib gdi32.lib winspool.lib comdlg32.lib advapi32.lib shell32.lib ole32.lib oleaut32.lib uuid.lib odbc32.lib odbccp32.lib /MANIFEST /ManifestFile:"Release\danmaku_nintei.exe.intermediate.manifest" /MANIFESTUAC:"level='asInvoker' uiAccess='false'" /DEBUG /PDB:"F:\個人用データ\ゲーム\弾幕段位認定\danmaku_nintei\Release\danmaku_nintei.pdb" /SUBSYSTEM:WINDOWS /OPT:REF /OPT:ICF /LTCG /TLBID:1 /DYNAMICBASE /NXCOMPAT /IMPLIB:"F:\個人用データ\ゲーム\弾幕段位認定\danmaku_nintei\Release\danmaku_nintei.lib" /MACHINE:X86 Release\calc.obj
         Release\chara.obj
         Release\enemy.obj
         Release\enemy_act.obj
         Release\fps.obj
         Release\graph.obj
         Release\ini.obj
         Release\key.obj
         Release\load.obj
         Release\main.obj
         Release\music.obj
         Release\out.obj
         Release\shot.obj
         Release\shotE.obj
         Release\shotH.obj
         Release\shotK.obj
         Release\shotL.obj
         Release\shotN.obj
         コード生成しています。
         コード生成が終了しました。
         danmaku_nintei.vcxproj -> F:\個人用データ\ゲーム\弾幕段位認定\danmaku_nintei\Release\danmaku_nintei.exe
       Manifest:
         C:\Program Files\Microsoft SDKs\Windows\v7.0A\bin\mt.exe /nologo /verbose /outputresource:"F:\個人用データ\ゲーム\弾幕段位認定\danmaku_nintei\Release\danmaku_nintei.exe;#1" /manifest Release\danmaku_nintei.exe.intermediate.manifest
       FinalizeBuildStatus:
         ファイル "Release\danmaku_nintei.unsuccessfulbuild" を削除しています。
         "Release\danmaku_nintei.lastbuildstate" のタッチ タスクを実行しています。
     1>プロジェクト "F:\個人用データ\ゲーム\弾幕段位認定\danmaku_nintei\danmaku_nintei\danmaku_nintei.vcxproj" (build ターゲット) のビルドが完了しました。

ビルドに成功しました。

経過時間 00:00:06.03
