2014/04/18 19:38:36 にビルドを開始しました。
     1>ノード 2 上のプロジェクト "F:\個人用データ\ゲーム\弾幕段位認定\danmaku_nintei\danmaku_nintei\danmaku_nintei.vcxproj" (build ターゲット)。
     1>InitializeBuildStatus:
         "AlwaysCreate" が指定されたため "Debug\danmaku_nintei.unsuccessfulbuild" を作成しています。
       ClCompile:
         c:\Program Files\Microsoft Visual Studio 10.0\VC\bin\CL.exe /c /IC:\DxLib /ZI /nologo /W3 /WX- /Od /Oy- /D WIN32 /D _DEBUG /D _WINDOWS /D _MBCS /Gm /EHsc /RTC1 /MTd /GS /fp:precise /Zc:wchar_t /Zc:forScope /Fo"Debug\\" /Fd"Debug\vc100.pdb" /Gd /TP /analyze- /errorReport:prompt calc.cpp enemy.cpp enemy_act.cpp main.cpp shot.cpp shotE.cpp
         shotE.cpp
         shot.cpp
         main.cpp
         enemy_act.cpp
         enemy.cpp
         calc.cpp
         コードを生成中...
       ManifestResourceCompile:
         すべての出力が最新のものです。
       Link:
         c:\Program Files\Microsoft Visual Studio 10.0\VC\bin\link.exe /ERRORREPORT:PROMPT /OUT:"F:\個人用データ\ゲーム\弾幕段位認定\danmaku_nintei\Debug\danmaku_nintei.exe" /INCREMENTAL /NOLOGO /LIBPATH:C:\DxLib kernel32.lib user32.lib gdi32.lib winspool.lib comdlg32.lib advapi32.lib shell32.lib ole32.lib oleaut32.lib uuid.lib odbc32.lib odbccp32.lib /MANIFEST /ManifestFile:"Debug\danmaku_nintei.exe.intermediate.manifest" /MANIFESTUAC:"level='asInvoker' uiAccess='false'" /DEBUG /PDB:"F:\個人用データ\ゲーム\弾幕段位認定\danmaku_nintei\Debug\danmaku_nintei.pdb" /SUBSYSTEM:WINDOWS /TLBID:1 /DYNAMICBASE /NXCOMPAT /IMPLIB:"F:\個人用データ\ゲーム\弾幕段位認定\danmaku_nintei\Debug\danmaku_nintei.lib" /MACHINE:X86 Debug\danmaku_nintei.exe.embed.manifest.res
         Debug\calc.obj
         Debug\chara.obj
         Debug\enemy.obj
         Debug\enemy_act.obj
         Debug\fps.obj
         Debug\graph.obj
         Debug\ini.obj
         Debug\key.obj
         Debug\load.obj
         Debug\main.obj
         Debug\music.obj
         Debug\out.obj
         Debug\shot.obj
         Debug\shotE.obj
         Debug\shotH.obj
         Debug\shotK.obj
         Debug\shotL.obj
         Debug\shotN.obj
       Manifest:
         C:\Program Files\Microsoft SDKs\Windows\v7.0A\bin\mt.exe /nologo /verbose /out:"Debug\danmaku_nintei.exe.embed.manifest" /manifest Debug\danmaku_nintei.exe.intermediate.manifest
         すべての出力が最新のものです。
       LinkEmbedManifest:
         すべての出力が最新のものです。
         danmaku_nintei.vcxproj -> F:\個人用データ\ゲーム\弾幕段位認定\danmaku_nintei\Debug\danmaku_nintei.exe
       FinalizeBuildStatus:
         ファイル "Debug\danmaku_nintei.unsuccessfulbuild" を削除しています。
         "Debug\danmaku_nintei.lastbuildstate" のタッチ タスクを実行しています。
     1>プロジェクト "F:\個人用データ\ゲーム\弾幕段位認定\danmaku_nintei\danmaku_nintei\danmaku_nintei.vcxproj" (build ターゲット) のビルドが完了しました。

ビルドに成功しました。

経過時間 00:00:15.46
